Updating f58a93a..18c2210
[master cfc1517] Checkpoint work to git
 2 files changed, 2 insertions(+)
 create mode 100644 gitlog.txt
 create mode 100644 workscript.log
On branch master
Your branch and 'origin/master' have diverged,
and have 1 and 1 different commit each, respectively.
  (use "git pull" to merge the remote branch into yours)
Changes not staged for commit:
  (use "git add <file>..." to update what will be committed)
  (use "git checkout -- <file>..." to discard changes in working directory)

	modified:   workscript.log

no changes added to commit (use "git add" and/or "git commit -a")
[master 9b5b4ff] Checkpoint work to git
 1 file changed, 15 insertions(+)
On branch master
Your branch and 'origin/master' have diverged,
and have 2 and 1 different commit each, respectively.
  (use "git pull" to merge the remote branch into yours)
Changes not staged for commit:
  (use "git add <file>..." to update what will be committed)
  (use "git checkout -- <file>..." to discard changes in working directory)

	modified:   workscript.log

no changes added to commit (use "git add" and/or "git commit -a")
[master e47177d] Checkpoint work to git
 1 file changed, 13 insertions(+)
On branch master
Your branch and 'origin/master' have diverged,
and have 3 and 1 different commit each, respectively.
  (use "git pull" to merge the remote branch into yours)
Changes not staged for commit:
  (use "git add <file>..." to update what will be committed)
  (use "git checkout -- <file>..." to discard changes in working directory)

	modified:   workscript.log

no changes added to commit (use "git add" and/or "git commit -a")
Auto-merging gitlog.txt
CONFLICT (add/add): Merge conflict in gitlog.txt
Automatic merge failed; fix conflicts and then commit the result.
[master dfc5331] Checkpoint work to git
On branch master
Your branch is up-to-date with 'origin/master'.
Changes not staged for commit:
  (use "git add <file>..." to update what will be committed)
  (use "git checkout -- <file>..." to discard changes in working directory)

	modified:   workscript.log

no changes added to commit (use "git add" and/or "git commit -a")
Already up-to-date.
Already up-to-date.
